[    0.000000] Initializing cgroup subsys cpuset
[    0.000000] Initializing cgroup subsys cpu
[    0.000000] Initializing cgroup subsys cpuacct
[    0.000000] Linux version 4.4.0-98-generic (buildd@lcy01-03) (gcc version 5.4.0 20160609 (Ubuntu 5.4.0-6ubuntu1~16.04.4) ) #121-Ubuntu SMP Tue Oct 10 14:24:03 UTC 2017 (Ubuntu 4.4.0-98.121-generic 4.4.90)
[    0.000000] Command line: BOOT_IMAGE=/boot/vmlinuz-4.4.0-98-generic root=UUID=d7006b2f-ace6-464d-8b21-17180b3ed360 ro console=tty1 console=ttyS0
[    0.000000] KERNEL supported cpus:
[    0.000000]   Intel GenuineIntel
[    0.000000]   AMD AuthenticAMD
[    0.000000]   Centaur CentaurHauls
[    0.000000] x86/fpu: xstate_offset[2]:  576, xstate_sizes[2]:  256
[    0.000000] x86/fpu: Supporting XSAVE feature 0x01: 'x87 floating point registers'
[    0.000000] x86/fpu: Supporting XSAVE feature 0x02: 'SSE registers'
[    0.000000] x86/fpu: Supporting XSAVE feature 0x04: 'AVX registers'
[    0.000000] x86/fpu: Enabled xstate features 0x7, context size is 832 bytes, using 'standard' format.
[    0.000000] x86/fpu: Using 'lazy' FPU context switches.
[    0.000000] e820: BIOS-provided physical RAM map:
[    0.000000] BIOS-e820: [mem 0x0000000000000000-0x000000000009fbff] usable
[    0.000000] BIOS-e820: [mem 0x000000000009fc00-0x000000000009ffff] reserved
[    0.000000] BIOS-e820: [mem 0x00000000000f0000-0x00000000000fffff] reserved
[    0.000000] BIOS-e820: [mem 0x0000000000100000-0x000000003ffeffff] usable
[    0.000000] BIOS-e820: [mem 0x000000003fff0000-0x000000003fffffff] ACPI data
[    0.000000] BIOS-e820: [mem 0x00000000fec00000-0x00000000fec00fff] reserved
[    0.000000] BIOS-e820: [mem 0x00000000fee00000-0x00000000fee00fff] reserved
[    0.000000] BIOS-e820: [mem 0x00000000fffc0000-0x00000000ffffffff] reserved
[    0.000000] NX (Execute Disable) protection: active
[    0.000000] SMBIOS 2.5 present.
[    0.000000] Hypervisor detected: KVM
[    0.000000] e820: last_pfn = 0x3fff0 max_arch_pfn = 0x400000000
[    0.000000] MTRR: Disabled
[    0.000000] x86/PAT: MTRRs disabled, skipping PAT initialization too.
[    0.000000] CPU MTRRs all blank - virtualized system.
[    0.000000] x86/PAT: Configuration [0-7]: WB  WT  UC- UC  WB  WT  UC- UC  
[    0.000000] found SMP MP-table at [mem 0x0009fff0-0x0009ffff] mapped at [ffff88000009fff0]
[    0.000000] Scanning 1 areas for low memory corruption
[    0.000000] RAMDISK: [mem 0x3622e000-0x3710efff]
[    0.000000] ACPI: Early table checksum verification disabled
[    0.000000] ACPI: RSDP 0x00000000000E0000 000024 (v02 VBOX  )
[    0.000000] ACPI: XSDT 0x000000003FFF0030 00003C (v01 VBOX   VBOXXSDT 00000001 ASL  00000061)
[    0.000000] ACPI: FACP 0x000000003FFF00F0 0000F4 (v04 VBOX   VBOXFACP 00000001 ASL  00000061)
[    0.000000] ACPI: DSDT 0x000000003FFF0470 0021FF (v02 VBOX   VBOXBIOS 00000002 INTL 20100528)
[    0.000000] ACPI: FACS 0x000000003FFF0200 000040
[    0.000000] ACPI: FACS 0x000000003FFF0200 000040
[    0.000000] ACPI: APIC 0x000000003FFF0240 00005C (v02 VBOX   VBOXAPIC 00000001 ASL  00000061)
[    0.000000] ACPI: SSDT 0x000000003FFF02A0 0001CC (v01 VBOX   VBOXCPUT 00000002 INTL 20100528)
[    0.000000] No NUMA configuration found
[    0.000000] Faking a node at [mem 0x0000000000000000-0x000000003ffeffff]
[    0.000000] NODE_DATA(0) allocated [mem 0x3ffeb000-0x3ffeffff]
[    0.000000] kvm-clock: Using msrs 4b564d01 and 4b564d00
[    0.000000] kvm-clock: cpu 0, msr 0:3ffe3001, primary cpu clock
[    0.000000] kvm-clock: using sched offset of 5270107310 cycles
[    0.000000] clocksource: kvm-clock: mask: 0xffffffffffffffff max_cycles: 0x1cd42e4dffb, max_idle_ns: 881590591483 ns
[    0.000000] Zone ranges:
[    0.000000]   DMA      [mem 0x0000000000001000-0x0000000000ffffff]
[    0.000000]   DMA32    [mem 0x0000000001000000-0x000000003ffeffff]
[    0.000000]   Normal   empty
[    0.000000]   Device   empty
[    0.000000] Movable zone start for each node
[    0.000000] Early memory node ranges
[    0.000000]   node   0: [mem 0x0000000000001000-0x000000000009efff]
[    0.000000]   node   0: [mem 0x0000000000100000-0x000000003ffeffff]
[    0.000000] Initmem setup node 0 [mem 0x0000000000001000-0x000000003ffeffff]
[    0.000000] ACPI: PM-Timer IO Port: 0x4008
[    0.000000] IOAPIC[0]: apic_id 2, version 32, address 0xfec00000, GSI 0-23
[    0.000000] ACPI: INT_SRC_OVR (bus 0 bus_irq 0 global_irq 2 dfl dfl)
[    0.000000] ACPI: INT_SRC_OVR (bus 0 bus_irq 9 global_irq 9 high level)
[    0.000000] Using ACPI (MADT) for SMP configuration information
[    0.000000] smpboot: Allowing 2 CPUs, 0 hotplug CPUs
[    0.000000] PM: Registered nosave memory: [mem 0x00000000-0x00000fff]
[    0.000000] PM: Registered nosave memory: [mem 0x0009f000-0x0009ffff]
[    0.000000] PM: Registered nosave memory: [mem 0x000a0000-0x000effff]
[    0.000000] PM: Registered nosave memory: [mem 0x000f0000-0x000fffff]
[    0.000000] e820: [mem 0x40000000-0xfebfffff] available for PCI devices
[    0.000000] Booting paravirtualized kernel on KVM
[    0.000000] clocksource: refined-jiffies: mask: 0xffffffff max_cycles: 0xffffffff, max_idle_ns: 7645519600211568 ns
[    0.000000] setup_percpu: NR_CPUS:512 nr_cpumask_bits:512 nr_cpu_ids:2 nr_node_ids:1
[    0.000000] PERCPU: Embedded 34 pages/cpu @ffff88003fc00000 s98328 r8192 d32744 u1048576
[    0.000000] PV qspinlock hash table entries: 256 (order: 0, 4096 bytes)
[    0.000000] Built 1 zonelists in Node order, mobility grouping on.  Total pages: 257913
[    0.000000] Policy zone: DMA32
[    0.000000] Kernel command line: BOOT_IMAGE=/boot/vmlinuz-4.4.0-98-generic root=UUID=d7006b2f-ace6-464d-8b21-17180b3ed360 ro console=tty1 console=ttyS0
[    0.000000] PID hash table entries: 4096 (order: 3, 32768 bytes)
[    0.000000] Memory: 997328K/1048120K available (8484K kernel code, 1294K rwdata, 3988K rodata, 1492K init, 1316K bss, 50792K reserved, 0K cma-reserved)
[    0.000000] SLUB: HWalign=64, Order=0-3, MinObjects=0, CPUs=2, Nodes=1
[    0.000000] Hierarchical RCU implementation.
[    0.000000] 	Build-time adjustment of leaf fanout to 64.
[    0.000000] 	RCU restricting CPUs from NR_CPUS=512 to nr_cpu_ids=2.
[    0.000000] RCU: Adjusting geometry for rcu_fanout_leaf=64, nr_cpu_ids=2
[    0.000000] NR_IRQS:33024 nr_irqs:440 16
[    0.000000] Console: colour VGA+ 80x25
[    0.000000] console [tty1] enabled
[    0.000000] console [ttyS0] enabled
[    0.000000] tsc: Detected 1795.919 MHz processor
[    0.367627] Calibrating delay loop (skipped) preset value.. 3591.83 BogoMIPS (lpj=7183676)
[    0.378503] pid_max: default: 32768 minimum: 301
[    0.385282] ACPI: Core revision 20150930
[    0.393801] ACPI: 2 ACPI AML tables successfully acquired and loaded
[    0.400671] Security Framework initialized
[    0.404628] Yama: becoming mindful.
[    0.407152] AppArmor: AppArmor initialized
[    0.413612] Dentry cache hash table entries: 131072 (order: 8, 1048576 bytes)
[    0.421461] Inode-cache hash table entries: 65536 (order: 7, 524288 bytes)
[    0.426383] Mount-cache hash table entries: 2048 (order: 2, 16384 bytes)
[    0.430754] Mountpoint-cache hash table entries: 2048 (order: 2, 16384 bytes)
[    0.434294] Initializing cgroup subsys io
[    0.436260] Initializing cgroup subsys memory
[    0.440172] Initializing cgroup subsys devices
[    0.442620] Initializing cgroup subsys freezer
[    0.445054] Initializing cgroup subsys net_cls
[    0.448843] Initializing cgroup subsys perf_event
[    0.453772] Initializing cgroup subsys net_prio
[    0.462744] Initializing cgroup subsys hugetlb
[    0.467566] Initializing cgroup subsys pids
[    0.472845] CPU: Physical Processor ID: 0
[    0.475498] CPU: Processor Core ID: 0
[    0.482895] mce: CPU supports 0 MCE banks
[    0.488958] Last level iTLB entries: 4KB 512, 2MB 8, 4MB 8
[    0.496548] Last level dTLB entries: 4KB 512, 2MB 32, 4MB 32, 1GB 0
[    0.502522] Freeing SMP alternatives memory: 32K
[    0.524790] ftrace: allocating 32154 entries in 126 pages
[    0.614983] smpboot: APIC(0) Converting physical 0 to logical package 0
[    0.622710] smpboot: Max logical packages: 1
[    0.630382] x2apic enabled
[    0.634462] Switched APIC routing to physical x2apic.
[    0.640619] ..TIMER: vector=0x30 apic1=0 pin1=2 apic2=-1 pin2=-1
[    0.749898] smpboot: CPU0: Intel(R) Core(TM) i5-3337U CPU @ 1.80GHz (family: 0x6, model: 0x3a, stepping: 0x9)
[    0.761285] Performance Events: unsupported p6 CPU model 58 no PMU driver, software events only.
[    0.763647] KVM setup paravirtual spinlock
[    0.783949] x86: Booting SMP configuration:
[    0.785421] .... node  #0, CPUs:      #1
[    0.814708] kvm-clock: cpu 1, msr 0:3ffe3041, secondary cpu clock
[    0.818566] mce: CPU supports 0 MCE banks
[    0.821521] x86: Booted up 1 node, 2 CPUs
[    0.870739] smpboot: Total of 2 processors activated (7183.67 BogoMIPS)
[    0.928423] devtmpfs: initialized
[    0.934212] evm: security.selinux
[    0.940689] evm: security.SMACK64
[    0.942032] evm: security.SMACK64EXEC
[    0.943325] evm: security.SMACK64TRANSMUTE
[    0.948044] evm: security.SMACK64MMAP
[    0.955227] evm: security.ima
[    0.956936] evm: security.capability
[    0.958837] clocksource: jiffies: mask: 0xffffffff max_cycles: 0xffffffff, max_idle_ns: 7645041785100000 ns
[    0.964584] futex hash table entries: 512 (order: 3, 32768 bytes)
[    0.969083] pinctrl core: initialized pinctrl subsystem
[    0.973101] RTC time: 23:25:47, date: 11/03/17
[    0.984550] NET: Registered protocol family 16
[    0.998317] cpuidle: using governor ladder
[    1.010947] cpuidle: using governor menu
[    1.022062] PCCT header not found.
[    1.025842] ACPI: bus type PCI registered
[    1.029718] acpiphp: ACPI Hot Plug PCI Controller Driver version: 0.5
[    1.032364] PCI: Using configuration type 1 for base access
[    1.048142] ACPI: Added _OSI(Module Device)
[    1.053710] ACPI: Added _OSI(Processor Device)
[    1.055621] ACPI: Added _OSI(3.0 _SCP Extensions)
[    1.058217] ACPI: Added _OSI(Processor Aggregator Device)
[    1.061463] ACPI: Executed 1 blocks of module-level executable AML code
[    1.068514] ACPI: Interpreter enabled
[    1.072559] ACPI: (supports S0 S5)
[    1.076951] ACPI: Using IOAPIC for interrupt routing
[    1.079434] PCI: Using host bridge windows from ACPI; if necessary, use "pci=nocrs" and report a bug
[    1.090539] ACPI: PCI Root Bridge [PCI0] (domain 0000 [bus 00-ff])
[    1.093541] acpi PNP0A03:00: _OSC: OS supports [ASPM ClockPM Segments MSI]
[    1.096471] acpi PNP0A03:00: _OSC: not requesting OS control; OS requires [ExtendedConfig ASPM ClockPM MSI]
[    1.102574] acpi PNP0A03:00: fail to add MMCONFIG information, can't access extended PCI configuration space under this bridge.
[    1.106897] PCI host bridge to bus 0000:00
[    1.111520] pci_bus 0000:00: root bus resource [io  0x0000-0x0cf7 window]
[    1.117955] pci_bus 0000:00: root bus resource [io  0x0d00-0xffff window]
[    1.120053] pci_bus 0000:00: root bus resource [mem 0x000a0000-0x000bffff window]
[    1.122676] pci_bus 0000:00: root bus resource [mem 0x40000000-0xffdfffff window]
[    1.126175] pci_bus 0000:00: root bus resource [bus 00-ff]
[    1.138282] pci 0000:00:01.1: legacy IDE quirk: reg 0x10: [io  0x01f0-0x01f7]
[    1.142399] pci 0000:00:01.1: legacy IDE quirk: reg 0x14: [io  0x03f6]
[    1.145444] pci 0000:00:01.1: legacy IDE quirk: reg 0x18: [io  0x0170-0x0177]
[    1.151846] pci 0000:00:01.1: legacy IDE quirk: reg 0x1c: [io  0x0376]
[    1.194368] pci 0000:00:07.0: quirk: [io  0x4000-0x403f] claimed by PIIX4 ACPI
[    1.198989] pci 0000:00:07.0: quirk: [io  0x4100-0x410f] claimed by PIIX4 SMB
[    1.229790] ACPI: PCI Interrupt Link [LNKA] (IRQs 5 9 10 *11)
[    1.259602] ACPI: PCI Interrupt Link [LNKB] (IRQs 5 9 10 *11)
[    1.269972] ACPI: PCI Interrupt Link [LNKC] (IRQs 5 9 *10 11)
[    1.273077] ACPI: PCI Interrupt Link [LNKD] (IRQs 5 *9 10 11)
[    1.276819] ACPI: Enabled 2 GPEs in block 00 to 07
[    1.280461] vgaarb: setting as boot device: PCI:0000:00:02.0
[    1.283138] vgaarb: device added: PCI:0000:00:02.0,decodes=io+mem,owns=io+mem,locks=none
[    1.291907] vgaarb: loaded
[    1.293676] vgaarb: bridge control possible 0000:00:02.0
[    1.298058] SCSI subsystem initialized
[    1.300595] ACPI: bus type USB registered
[    1.304562] usbcore: registered new interface driver usbfs
[    1.306289] usbcore: registered new interface driver hub
[    1.308461] usbcore: registered new device driver usb
[    1.312072] PCI: Using ACPI for IRQ routing
[    1.315023] NetLabel: Initializing
[    1.316589] NetLabel:  domain hash size = 128
[    1.320298] NetLabel:  protocols = UNLABELED CIPSOv4
[    1.323228] NetLabel:  unlabeled traffic allowed by default
[    1.330112] amd_nb: Cannot enumerate AMD northbridges
[    1.333087] clocksource: Switched to clocksource kvm-clock
[    1.351114] AppArmor: AppArmor Filesystem Enabled
[    1.362460] pnp: PnP ACPI init
[    1.366361] pnp: PnP ACPI: found 3 devices
[    1.383435] clocksource: acpi_pm: mask: 0xffffff max_cycles: 0xffffff, max_idle_ns: 2085701024 ns
[    1.389275] NET: Registered protocol family 2
[    1.398566] TCP established hash table entries: 8192 (order: 4, 65536 bytes)
[    1.401095] TCP bind hash table entries: 8192 (order: 5, 131072 bytes)
[    1.404489] TCP: Hash tables configured (established 8192 bind 8192)
[    1.407321] UDP hash table entries: 512 (order: 2, 16384 bytes)
[    1.409528] UDP-Lite hash table entries: 512 (order: 2, 16384 bytes)
[    1.412529] NET: Registered protocol family 1
[    1.414095] pci 0000:00:00.0: Limiting direct PCI/PCI transfers
[    1.416836] pci 0000:00:01.0: Activating ISA DMA hang workarounds
[    1.421859] Unpacking initramfs...
[    1.858498] Freeing initrd memory: 15236K
[    1.861500] RAPL PMU detected, API unit is 2^-32 Joules, 3 fixed counters 10737418240 ms ovfl timer
[    1.864656] hw unit of domain pp0-core 2^-0 Joules
[    1.867358] hw unit of domain package 2^-0 Joules
[    1.868840] hw unit of domain pp1-gpu 2^-0 Joules
[    1.870459] platform rtc_cmos: registered platform RTC device (no PNP device found)
[    1.873791] Scanning for low memory corruption every 60 seconds
[    1.876446] audit: initializing netlink subsys (disabled)
[    1.885446] audit: type=2000 audit(1509751554.179:1): initialized
[    1.888732] Initialise system trusted keyring
[    1.892518] HugeTLB registered 2 MB page size, pre-allocated 0 pages
[    1.896116] zbud: loaded
[    1.901536] VFS: Disk quotas dquot_6.6.0
[    1.906703] VFS: Dquot-cache hash table entries: 512 (order 0, 4096 bytes)
[    1.909122] squashfs: version 4.0 (2009/01/31) Phillip Lougher
[    1.912726] fuse init (API version 7.23)
[    1.914470] Key type big_key registered
[    1.915964] Allocating IMA MOK and blacklist keyrings.
[    1.920008] Key type asymmetric registered
[    1.923238] Asymmetric key parser 'x509' registered
[    1.929235] Block layer SCSI generic (bsg) driver version 0.4 loaded (major 249)
[    1.933047] io scheduler noop registered
[    1.940856] io scheduler deadline registered (default)
[    1.944459] io scheduler cfq registered
[    1.946012] pci_hotplug: PCI Hot Plug PCI Core version: 0.5
[    1.947745] pciehp: PCI Express Hot Plug Controller Driver version: 0.4
[    1.950328] ACPI: AC Adapter [AC] (on-line)
[    1.952458] input: Power Button as /devices/LNXSYSTM:00/LNXPWRBN:00/input/input0
[    1.954875] ACPI: Power Button [PWRF]
[    1.959944] input: Sleep Button as /devices/LNXSYSTM:00/LNXSLPBN:00/input/input1
[    1.962811] ACPI: Sleep Button [SLPF]
[    1.966011] ACPI: Battery Slot [BAT0] (battery present)
[    1.970342] GHES: HEST is not enabled!
[    1.972383] Serial: 8250/16550 driver, 32 ports, IRQ sharing enabled
[    2.006099] 00:02: ttyS0 at I/O 0x3f8 (irq = 4, base_baud = 115200) is a 16550A
[    2.015998] Linux agpgart interface v0.103
[    2.026462] loop: module loaded
[    2.035465] scsi host0: ata_piix
[    2.039038] scsi host1: ata_piix
[    2.040298] ata1: PATA max UDMA/33 cmd 0x1f0 ctl 0x3f6 bmdma 0xd000 irq 14
[    2.042940] ata2: PATA max UDMA/33 cmd 0x170 ctl 0x376 bmdma 0xd008 irq 15
[    2.048514] libphy: Fixed MDIO Bus: probed
[    2.049899] tun: Universal TUN/TAP device driver, 1.6
[    2.052848] tun: (C) 1999-2004 Max Krasnyansky <maxk@qualcomm.com>
[    2.055370] PPP generic driver version 2.4.2
[    2.060633] ehci_hcd: USB 2.0 'Enhanced' Host Controller (EHCI) Driver
[    2.063536] ehci-pci: EHCI PCI platform driver
[    2.067811] ehci-platform: EHCI generic platform driver
[    2.069612] ohci_hcd: USB 1.1 'Open' Host Controller (OHCI) Driver
[    2.071844] ohci-pci: OHCI PCI platform driver
[    2.075136] ohci-platform: OHCI generic platform driver
[    2.077028] uhci_hcd: USB Universal Host Controller Interface driver
[    2.079848] i8042: PNP: PS/2 Controller [PNP0303:PS2K,PNP0f03:PS2M] at 0x60,0x64 irq 1,12
[    2.086510] serio: i8042 KBD port at 0x60,0x64 irq 1
[    2.091367] serio: i8042 AUX port at 0x60,0x64 irq 12
[    2.093371] mousedev: PS/2 mouse device common for all mice
[    2.098261] input: AT Translated Set 2 keyboard as /devices/platform/i8042/serio0/input/input2
[    2.103852] rtc_cmos rtc_cmos: rtc core: registered rtc_cmos as rtc0
[    2.106248] rtc_cmos rtc_cmos: alarms up to one day, 114 bytes nvram
[    2.110837] i2c /dev entries driver
[    2.115798] device-mapper: uevent: version 1.0.3
[    2.124610] device-mapper: ioctl: 4.34.0-ioctl (2015-10-28) initialised: dm-devel@redhat.com
[    2.126781] ledtrig-cpu: registered to indicate activity on CPUs
[    2.128772] NET: Registered protocol family 10
[    2.133307] NET: Registered protocol family 17
[    2.138532] Key type dns_resolver registered
[    2.140561] microcode: CPU0 sig=0x306a9, pf=0x2, revision=0x19
[    2.142996] microcode: CPU1 sig=0x306a9, pf=0x2, revision=0x19
[    2.145479] microcode: Microcode Update Driver: v2.01 <tigran@aivazian.fsnet.co.uk>, Peter Oruba
[    2.149192] registered taskstats version 1
[    2.150422] Loading compiled-in X.509 certificates
[    2.152782] Loaded X.509 cert 'Build time autogenerated kernel key: 7431eaeda5a51458aeb00f8de0f18f89e178d882'
[    2.159637] zswap: loaded using pool lzo/zbud
[    2.165945] Key type trusted registered
[    2.175912] Key type encrypted registered
[    2.178380] AppArmor: AppArmor sha1 policy hashing enabled
[    2.180814] ima: No TPM chip found, activating TPM-bypass!
[    2.187145] evm: HMAC attrs: 0x1
[    2.190839]   Magic number: 9:72:453
[    2.193972] rtc_cmos rtc_cmos: setting system clock to 2017-11-03 23:25:48 UTC (1509751548)
[    2.199437] BIOS EDD facility v0.16 2004-Jun-25, 0 devices found
[    2.202740] EDD information not available.
[    2.209335] Freeing unused kernel memory: 1492K
[    2.217945] Write protecting the kernel read-only data: 14336k
[    2.220733] Freeing unused kernel memory: 1744K
[    2.224271] Freeing unused kernel memory: 108K
Loading, please wait...
starting version[    2.249274] random: systemd-udevd: uninitialized urandom read (16 bytes read, 3 bits of entropy available)
 229
[    2.250062] random: udevadm: uninitialized urandom read (16 bytes read, 3 bits of entropy available)
[    2.250109] random: udevadm: uninitialized urandom read (16 bytes read, 3 bits of entropy available)
[    2.250259] random: udevadm: uninitialized urandom read (16 bytes read, 3 bits of entropy available)
[    2.250320] random: udevadm: uninitialized urandom read (16 bytes read, 3 bits of entropy available)
[    2.250405] random: udevadm: uninitialized urandom read (16 bytes read, 3 bits of entropy available)
[    2.250468] random: udevadm: uninitialized urandom read (16 bytes read, 3 bits of entropy available)
[    2.250526] random: udevadm: uninitialized urandom read (16 bytes read, 3 bits of entropy available)
[    2.250582] random: udevadm: uninitialized urandom read (16 bytes read, 3 bits of entropy available)
[    2.250635] random: udevadm: uninitialized urandom read (16 bytes read, 3 bits of entropy available)
[    2.344544] e1000: Intel(R) PRO/1000 Network Driver - version 7.3.21-k8-NAPI
[    2.350997] e1000: Copyright (c) 1999-2006 Intel Corporation.
[    2.372311] Fusion MPT base driver 3.04.20
[    2.386136] Copyright (c) 1999-2008 LSI Corporation
[    2.400441] Fusion MPT SPI Host driver 3.04.20
[    2.470258] AVX version of gcm_enc/dec engaged.
[    2.484945] AES CTR mode by8 optimization enabled
[    2.571344] input: ImExPS/2 Generic Explorer Mouse as /devices/platform/i8042/serio1/input/input4
[    2.869729] tsc: Refined TSC clocksource calibration: 1795.309 MHz
[    2.879201] clocksource: tsc: mask: 0xffffffffffffffff max_cycles: 0x19e0da19e86, max_idle_ns: 440795230774 ns
[    2.883562] e1000 0000:00:03.0 eth0: (PCI:33MHz:32-bit) 02:14:68:3e:84:47
[    2.890911] e1000 0000:00:03.0 eth0: Intel(R) PRO/1000 Network Connection
[    3.348176] e1000 0000:00:08.0 eth1: (PCI:33MHz:32-bit) 08:00:27:e6:b2:4e
[    3.352176] e1000 0000:00:08.0 eth1: Intel(R) PRO/1000 Network Connection
[    3.358819] e1000 0000:00:03.0 enp0s3: renamed from eth0
[    3.365272] mptbase: ioc0: Initiating bringup
[    3.390284] e1000 0000:00:08.0 enp0s8: renamed from eth1
[    3.422103] ioc0: LSI53C1030 A0: Capabilities={Initiator}
[    3.603366] scsi host2: ioc0: LSI53C1030 A0, FwRev=00000000h, Ports=1, MaxQ=256, IRQ=20
[    3.774122] scsi 2:0:0:0: Direct-Access     VBOX     HARDDISK         1.0  PQ: 0 ANSI: 5
[    3.778857] scsi target2:0:0: Beginning Domain Validation
[    3.785132] scsi target2:0:0: Domain Validation skipping write tests
[    3.808067] scsi target2:0:0: Ending Domain Validation
[    3.820515] scsi target2:0:0: asynchronous
[    3.826865] scsi 2:0:1:0: Direct-Access     VBOX     HARDDISK         1.0  PQ: 0 ANSI: 5
[    3.866211] scsi target2:0:1: Beginning Domain Validation
[    3.869802] scsi target2:0:1: Domain Validation skipping write tests
[    3.884418] scsi target2:0:1: Ending Domain Validation
[    3.885986] scsi target2:0:1: asynchronous
[    3.895903] sd 2:0:0:0: Attached scsi generic sg0 type 0
[    3.901841] sd 2:0:0:0: [sda] 20971520 512-byte logical blocks: (10.7 GB/10.0 GiB)
[    3.902086] sd 2:0:1:0: [sdb] 20480 512-byte logical blocks: (10.5 MB/10.0 MiB)
[    3.902276] sd 2:0:1:0: [sdb] Write Protect is off
[    3.902410] sd 2:0:1:0: [sdb] Incomplete mode parameter data
[    3.902411] sd 2:0:1:0: [sdb] Assuming drive cache: write through
[    3.902999] sd 2:0:1:0: Attached scsi generic sg1 type 0
[    3.913088] sd 2:0:1:0: [sdb] Attached SCSI disk
[    3.930637] sd 2:0:0:0: [sda] Write Protect is off
[    3.935735] sd 2:0:0:0: [sda] Incomplete mode parameter data
[    3.942874] sd 2:0:0:0: [sda] Assuming drive cache: write through
[    3.958668]  sda: sda1
[    3.962724] sd 2:0:0:0: [sda] Attached SCSI disk
[    5.365585] floppy0: no floppy controllers found
Begin: Loading essential drivers ... [    6.933997] md: linear personality registered for level -1
[    6.940560] md: multipath personality registered for level -4
[    6.955279] md: raid0 personality registered for level 0
[    6.963426] md: raid1 personality registered for level 1
[    7.041352] raid6: sse2x1   gen()  4182 MB/s
[    7.109167] raid6: sse2x1   xor()  3802 MB/s
[    7.185145] raid6: sse2x2   gen()  5205 MB/s
[    7.261233] raid6: sse2x2   xor()  4322 MB/s
[    7.337547] raid6: sse2x4   gen()  6859 MB/s
[    7.409148] raid6: sse2x4   xor()  5577 MB/s
[    7.416907] raid6: using algorithm sse2x4 gen() 6859 MB/s
[    7.418894] raid6: .... xor() 5577 MB/s, rmw enabled
[    7.421722] raid6: using ssse3x2 recovery algorithm
[    7.428727] xor: automatically using best checksumming function:
[    7.473881]    avx       : 10723.000 MB/sec
[    7.482218] async_tx: api initialized (async)
[    7.500026] md: raid6 personality registered for level 6
[    7.509757] md: raid5 personality registered for level 5
[    7.511778] md: raid4 personality registered for level 4
[    7.524394] md: raid10 personality registered for level 10
done.
Begin: Running /scripts/init-premount ... done.
Begin: Mounting root file system ... Begin: Running /scripts/local-top ... done.
Begin: Running /scripts/local-premount ... [    7.606485] Btrfs loaded
Scanning for Btrfs filesystems
done.
Warning: fsck not present, so skipping root file system
[    7.764831] EXT4-fs (sda1): mounted filesystem with ordered data mode. Opts: (null)
done.
Begin: Running /scripts/local-bottom ... done.
Begin: Running /scripts/init-bottom ... done.
[    8.684032] systemd[1]: systemd 229 running in system mode. (+PAM +AUDIT +SELINUX +IMA +APPARMOR +SMACK +SYSVINIT +UTMP +LIBCRYPTSETUP +GCRYPT +GNUTLS +ACL +XZ -LZ4 +SECCOMP +BLKID +ELFUTILS +KMOD -IDN)
[    9.016331] systemd[1]: Detected virtualization oracle.
[    9.017642] systemd[1]: Detected architecture x86-64.
[    9.040263] random: nonblocking pool is initialized

Welcome to [1mUbuntu 16.04.3 LTS[0m!

[    9.182836] systemd[1]: Set hostname to <ubuntu-xenial>.
[   10.738410] systemd[1]: Reached target Encrypted Volumes.
[[0;32m  OK  [0m] Reached target Encrypted Volumes.
[   10.765781] systemd[1]: Set up automount Arbitrary Executable File Formats File System Automount Point.
[[0;32m  OK  [0m] Set up automount Arbitrary Executab...ats File System Automount Point.
[   10.843872] systemd[1]: Started Trigger resolvconf update for networkd DNS.
[[0;32m  OK  [0m] Started Trigger resolvconf update for networkd DNS.
[   11.037777] systemd[1]: Listening on Device-mapper event daemon FIFOs.
[[0;32m  OK  [0m] Listening on Device-mapper event daemon FIFOs.
[   11.105598] systemd[1]: Created slice User and Session Slice.
[[0;32m  OK  [0m] Created slice User and Session Slice.
[   11.121744] systemd[1]: Listening on /dev/initctl Compatibility Named Pipe.
[[0;32m  OK  [0m] Listening on /dev/initctl Compatibility Named Pipe.
[   11.142573] systemd[1]: Reached target User and Group Name Lookups.
[[0;32m  OK  [0m] Reached target User and Group Name Lookups.
[   11.149087] systemd[1]: Listening on Journal Socket.
[[0;32m  OK  [0m] Listening on Journal Socket.
[   11.157252] systemd[1]: Reached target Swap.
[[0;32m  OK  [0m] Reached target Swap.
[   11.163051] systemd[1]: Listening on LVM2 poll daemon socket.
[[0;32m  OK  [0m] Listening on LVM2 poll daemon socket.
[   11.169946] systemd[1]: Listening on Syslog Socket.
[[0;32m  OK  [0m] Listening on Syslog Socket.
[   11.174443] systemd[1]: Listening on udev Control Socket.
[[0;32m  OK  [0m] Listening on udev Control Socket.
[   11.179393] systemd[1]: Created slice System Slice.
[[0;32m  OK  [0m] Created slice System Slice.
[   11.194138] systemd[1]: Starting Uncomplicated firewall...
         Starting Uncomplicated firewall...
[   11.212302] systemd[1]: Mounting Debug File System...
         Mounting Debug File System...
[   11.240871] systemd[1]: Mounting POSIX Message Queue File System...
         Mounting POSIX Message Queue File System...
[   11.255064] systemd[1]: Starting Remount Root and Kernel File Systems...
         Starting Remount Root and Kernel File Systems...
[   11.267652] systemd[1]: Starting Nameserver information manager...
         Starting Nameserver information manager...
[   11.326097] systemd[1]: Starting Load Kernel Modules...
         Starting Load Kernel Modules...
[   11.341240] systemd[1]: Mounting Huge Pages File System...
         Mounting Huge Pages File System...
[   11.354800] systemd[1]: Starting Set console keymap...
         Starting Set console keymap...
[   11.380339] EXT4-fs (sda1): re-mounted. Opts: (null)
[   11.434471] systemd[1]: Listening on udev Kernel Socket.
[[0;32m  OK  [0m] Listening on udev Kernel Socket.
[   11.442207] systemd[1]: Listening on Journal Socket (/dev/log).
[[0;32m  OK  [0m] Listening on Journal Socket (/dev/log).
[   11.454515] systemd[1]: Reached target Slices.
[[0;32m  OK  [0m] Reached target Slices.
[   11.473789] systemd[1]: Listening on LVM2 metadata daemon socket.
[[0;32m  OK  [0m] Listening on LVM2 metadata daemon socket.
[   11.525716] systemd[1]: Starting Monitoring of LVM2 mirrors, snapshots etc. using dmeventd or progress polling...
         Starting Monitoring of LVM2 mirrors... dmeventd or progress polling...
[   11.542346] systemd[1]: Started Forward Password Requests to Wall Directory Watch.
[[0;32m  OK  [0m] Started Forward Password Requests to Wall Di[   11.557887] Loading iSCSI transport class v2.0-870.
rectory Watch.
[   11.603845] systemd[1]: Listening on Journal Audit Socket.
[[0;32m  OK  [0m] Listening on Journal Audit Socket.
[   11.626352] systemd[1]: Starting Journal Service...
         Starting Journal Service...
[   11.650755] systemd[1]: Starting Create list of required static device nodes for the current kernel...
         Starting Create list of required st... nodes for the current kernel...
[   11.706507] systemd[1]: Created slice system-serial\x2dgetty.slice.
[[0;32m  OK  [0m] Created slice system-serial\x2dgetty.slice.
[   11.731440] systemd[1]: Mounted Debug File System.
[[0;32m  OK  [0m] Mounted Debug File System.
[   11.745583] systemd[1]: Mounted Huge Pages File System.
[[0;32m  OK  [0m] Mounted Huge Pages File System.
[   11.765979] systemd[1]: Mounted POSIX Message Queue File System.
[[0;32m  OK  [0m] Mounted POSIX Message Queue File System.
[   11.781292] iscsi: registered transport (tcp)
[   11.782255] systemd[1]: Started Uncomplicated firewall.
[[0;32m  OK  [0m] Started Uncomplicated firewall.
[   11.793437] systemd[1]: Started Remount Root and Kernel File Systems.
[[0;32m  OK  [0m] Started Remount Root and Kernel File Systems.
[   11.811035] systemd[1]: Started Set console keymap.
[[0;32m  OK  [0m] Started Set console keymap.
[   11.887577] systemd[1]: Started Create list of required static device nodes for the current kernel.
[[0;32m  OK  [0m] Started Create list of required sta...ce nodes for the current kernel.
[   11.924503] systemd[1]: Started Journal Service.
[[0;32m  OK  [0m] Started Journal Service.
[[0;32m  OK  [0m] Started Nameserver information manager.
[[0;32m  OK  [0m] Started LVM2 metadata daemon.
         Starting Create Static Device Nodes in /dev...
         Starting Initial cloud-init job (pre-networking)...
         Starting Flush Journal to Persistent Storage...
         Starting Load/Save Random Seed...
[   12.100441] iscsi: registered transport (iser)
         Starting udev Coldplug all Devices...
[[0;32m  OK  [0m] Started Load Kernel Modules.
[   12.156739] systemd-journald[413]: Received request to flush runtime journal from PID 1
         Mounting FUSE Control File System...
         Starting Apply Kernel Variables...
[[0;32m  OK  [0m] Mounted FUSE Control File System.
[[0;32m  OK  [0m] Started Flush Journal to Persistent Storage.
[[0;32m  OK  [0m] Started Load/Save Random Seed.
[[0;32m  OK  [0m] Started Apply Kernel Variables.
[[0;32m  OK  [0m] Started udev Coldplug all Devices.
[[0;32m  OK  [0m] Started Create Static Device Nodes in /dev.
         Starting udev Kernel Device Manager...
[[0;32m  OK  [0m] Started Monitoring of LVM2 mirrors,...ng dmeventd or progress polling.
[[0;32m  OK  [0m] Started udev Kernel Device Manager.
[[0;32m  OK  [0m] Started Dispatch Password Requests to Console Directory Watch.
[[0;32m  OK  [0m] Reached target Local File Systems (Pre).
[[0;32m  OK  [0m] Reached target Local File Systems.
         Starting Create Volatile Files and Directories...
         Starting LSB: AppArmor initialization...
         Starting Set console font and keymap...
         Starting Tell Plymouth To Write Out Runtime Data...
[[0;32m  OK  [0m] Started Tell Plymouth To Write Out Runtime Data.
[[0;32m  OK  [0m] Found device /dev/ttyS0.
[[0;32m  OK  [0m] Started Create Volatile Files and Directories.
[[0;32m  OK  [0m] Reached target System Time Synchronized.
         Starting Update UTMP about System Boot/Shutdown...
[[0;32m  OK  [0m] Found device 82540EM Gigabit Ethern...r (PRO/1000 MT Desktop Adapter).
[[0;32m  OK  [0m] Started Update UTMP about System Boot/Shutdown.
[[0;32m  OK  [0m] Found device 82540EM Gigabit Ethern...r (PRO/1000 MT Desktop Adapter).
[[0;32m  OK  [0m] Started Set console font and keymap.
[[0;32m  OK  [0m] Created slice system-getty.slice.
[[0;32m  OK  [0m] Listening on Load/Save RF Kill Switch Status /dev/rfkill Watch.
[[0;32m  OK  [0m] Started LSB: AppArmor initialization.
[   16.765066] cloud-init[442]: Cloud-init v. 0.7.9 running 'init-local' at Fri, 03 Nov 2017 23:26:03 +0000. Up 16.05 seconds.
[[0;32m  OK  [0m] Started Initial cloud-init job (pre-networking).
[[0;32m  OK  [0m] Reached target Network (Pre).
[[0;32m  OK  [0m] Started ifup for enp0s3.
[[0;32m  OK  [0m] Started ifup for enp0s8.
         Starting Raise network interfaces...
[[0;32m  OK  [0m] Started Raise network interfaces.
         Starting Initial cloud-init job (metadata service crawler)...
[[0;32m  OK  [0m] Reached target Network.
[   19.945622] cloud-init[1089]: Cloud-init v. 0.7.9 running 'init' at Fri, 03 Nov 2017 23:26:06 +0000. Up 18.95 seconds.
[   19.951340] cloud-init[1089]: ci-info: ++++++++++++++++++++++++++++++++++++++Net device info++++++++++++++++++++++++++++++++++++++
[   19.972693] cloud-init[1089]: ci-info: +--------+------+-----------------------------+---------------+-------+-------------------+
[   19.985467] cloud-init[1089]: ci-info: | Device |  Up  |           Address           |      Mask     | Scope |     Hw-Address    |
[   20.011136] [cloud-init[0;32m  OK  [0m[1089]: ] ci-info: +--------+------+-----------------------------+---------------+-------+-------------------+Started Initial cloud-init job (metadata service crawler).

[   20.011893] cloud-init[1089]: ci-info: | enp0s3 | True |          10.0.2.15          | 255.255.255.0 |   .   | 02:14:68:3e:84:47 |
[   20.062070] [[0;32m  OK  [0m] Reached target System Initialization.
cloud-init[1089]: ci-info: | enp0s3 | True |  fe80::14:68ff:fe3e:8447/64 |       .       |  link | 02:14:68:3e:84:47 |
[   20.072431] cloud-init[1089]: ci-info: | enp0s8 | True |        192.168.1.177        | 255.255.255.0 |   .   | 08:00:27:e6:b2:4e |
[   20.079581] cloud-init[1089]: ci-info: | enp0s8 | True | fe80::a00:27ff:fee6:b24e/64 |       .       |  link | 08:00:27:e6:b2:4e |
[   20.089606] cloud-init[1089]: ci-info: |   lo   | True |          127.0.0.1          |   255.0.0.0   |   .   |         .         |
[   20.102543] cloud-init[1089]: ci-info: |   lo   | True |           ::1/128           |       .       |  host |         .         |
[   20.110021] cloud-init[1089]: ci-info: +--------+------+-----------------------------+---------------+-------+-------------------+
[[0;32m  OK  [0m] Started Timer to automatically fetch and run repair assertions.
[[0;32m  OK  [0m] Listening on ACPID Listen Socket.
[   20.115837] cloud-init[1089]: ci-info: +++++++++++++++++++++++++++Route IPv4 info++++++++++++++++++++++++++++
[   20.181197] [cloud-init[0;32m  OK  [0m[1089]: ] ci-info: +-------+-------------+----------+---------------+-----------+-------+Started ACPI Events Check.

[   20.190800] [cloud-init[0;32m  OK  [0m[1089]: ] ci-info: | Route | Destination | Gateway  |    Genmask    | Interface | Flags |Reached target Paths.

[   20.191533] [cloud-init[0;32m  OK  [0m[1089]: ] ci-info: +-------+-------------+----------+---------------+-----------+-------+Started Daily Cleanup of Temporary Directories.

[[0;32m  OK  [0m] Listening on UUID daemon activation socket.
[   20.233087] cloud-init[1089]: ci-info: |   0   |   0.0.0.0   | 10.0.2.2 |    0.0.0.0    |   enp0s3  |   UG  |
[   20.320997] cloud-init[1089]: ci-info: |   1   |   10.0.2.0  | 0.0.0.0  | 255.255.255.0 |   enp0s3  |   U   |
[   20.332417]          cloud-initStarting LXD - unix socket.[1089]: 
ci-info: |   2   | 192.168.1.0 | 0.0.0.0  | 255.255.255.0 |   enp0s8  |   U   |
[   20.348489] [[0;32m  OK  [0m] Started Timer to automatically refresh installed snaps.
         Starting Socket activation for snappy daemon.
[[0;32m  OK  [0m] Listening on D-Bus System Message Bus Socket.
cloud-init[1089]: ci-info: +-------+-------------+----------+---------------+-----------+-------+
[[0;32m  OK  [0m] Reached target Network is Online.
[[0;32m  OK  [0m] Started Daily apt download activities.
[[0;32m  OK  [0m] Started Daily apt upgrade and clean activities.
[[0;32m  OK  [0m] Reached target Timers.
         Starting iSCSI initiator daemon (iscsid)...
[[0;32m  OK  [0m] Reached target Cloud-config availability.
[[0;32m  OK  [0m] Listening on LXD - unix socket.
[[0;32m  OK  [0m] Listening on Socket activation for snappy daemon.
[[0;32m  OK  [0m] Reached target Sockets.
[[0;32m  OK  [0m] Reached target Basic System.
         Starting Automatically fetch and run repair assertions...
         Starting LXD - container startup/shutdown...
[[0;32m  OK  [0m] Started ACPI event daemon.
[[0;32m  OK  [0m] Started Unattended Upgrades Shutdown.
[[0;32m  OK  [0m] Started Deferred execution scheduler.
         Starting vboxadd.service...
         Starting System Logging Service...
         Starting Accounts Service...
[[0;32m  OK  [0m] Started D-Bus System Message Bus.
         Starting OpenBSD Secure Shell server...
         Starting LSB: MD monitoring daemon...
         Starting Login Service...
[[0;32m  OK  [0m] Started FUSE filesystem for LXC.
         Starting /etc/rc.local Compatibility...
         Starting Snappy daemon...
[[0;32m  OK  [0m] Started Regular background program processing daemon.
         Starting LSB: Record successful boot for GRUB...
         Starting vboxadd-x11.service...
         Starting Apply the settings specified in cloud-config...
[[0;32m  OK  [0m] Started System Logging Service.
[[0;32m  OK  [0m] Started Automatically fetch and run repair assertions.
[[0;32m  OK  [0m] Started /etc/rc.local Compatibility.
[[0;32m  OK  [0m] Started vboxadd-x11.service.
[[0;32m  OK  [0m] Started iSCSI initiator daemon (iscsid).
[[0;32m  OK  [0m] Started Login Service.
         Starting Login to default iSCSI targets...
[[0;32m  OK  [0m] Started LSB: MD monitoring daemon.
[[0;32m  OK  [0m] Started LSB: Record successful boot for GRUB.
[[0;32m  OK  [0m] Started Login to default iSCSI targets.
[[0;32m  OK  [0m] Reached target Remote File Systems (Pre).
[[0;32m  OK  [0m] Reached target Remote File Systems.
         Starting LSB: Set the CPU Frequency Scaling governor to "ondemand"...
         Starting LSB: daemon to balance interrupts for SMP systems...
         Starting Permit User Sessions...
         Starting LSB: automatic crash report generation...
         Starting Authenticate and Authorize Users to Run Privileged Tasks...
[[0;32m  OK  [0m] Started OpenBSD Secure Shell server.
[[0;32m  OK  [0m] Started Permit User Sessions.
[[0;32m  OK  [0m] Started LSB: Set the CPU Frequency Scaling governor to "ondemand".
         Starting Terminate Plymouth Boot Screen...
         Starting Hold until boot process finishes up...
[[0;32m  OK  [0m] Started Terminate Plymouth Boot Screen.
[[0;32m  OK  [0m] Started Hold until boot process finishes up.
[[0;32m  OK  [0m] Started Serial Getty on ttyS0.
[[0;32m  OK  [0m] Started Getty on tty1.
[[0;32m  OK  [0m] Reached target Login Prompts.
         Starting Set console scheme...
[[0;32m  OK  [0m] Started LSB: daemon to balance interrupts for SMP systems.
[[0;32m  OK  [0m] Started Set console scheme.
[[0;32m  OK  [0m] Started LSB: automatic crash report generation.
[   22.744480] cloud-init[1233]: Cloud-init v. 0.7.9 running 'modules:config' at Fri, 03 Nov 2017 23:26:09 +0000. Up 22.15 seconds.
[[0;32m  OK  [0m] Started Authenticate and Authorize Users to Run Privileged Tasks.
[[0;32m  OK  [0m] Started Accounts Service.
[[0;32m  OK  [0m] Started Apply the settings specified in cloud-config.
[[0;32m  OK  [0m] Started LXD - container startup/shutdown.
[[0;32m  OK  [0m] Created slice User Slice of ubuntu.
         Starting User Manager for UID 1000...
[[0;32m  OK  [0m] Started Session 1 of user ubuntu.
[[0;32m  OK  [0m] Started vboxadd.service.
         Starting vboxadd-service.service...
[[0;32m  OK  [0m] Started User Manager for UID 1000.
[[0;32m  OK  [0m] Started vboxadd-service.service.
[[0;32m  OK  [0m] Started Snappy daemon.
         Starting Auto import assertions from block devices...
[[0;32m  OK  [0m] Started Auto import assertions from block devices.
[[0;32m  OK  [0m] Reached target Multi-User System.
         Starting Execute cloud user/final scripts...
[[0;32m  OK  [0m] Reached target Graphical Interface.
         Starting Update UTMP about System Runlevel Changes...
[[0;32m  OK  [0m] Started Update UTMP about System Runlevel Changes.
[   25.530434] cloud-init[1443]: Cloud-init v. 0.7.9 running 'modules:final' at Fri, 03 Nov 2017 23:26:12 +0000. Up 25.18 seconds.
[   25.595241] cloud-init[1443]: Cloud-init v. 0.7.9 finished at Fri, 03 Nov 2017 23:26:12 +0000. Datasource DataSourceNoCloud [seed=/dev/sdb][dsmode=net].  Up 25.52 seconds
[[0;32m  OK  [0m] Started Execute cloud user/final scripts.
         Starting Daily apt download activities...
[[0;32m  OK  [0m] Reached target Cloud-init target.

Ubuntu 16.04.3 LTS ubuntu-xenial ttyS0

ubuntu-xenial login: [0         Stopping vboxadd-x11.service...
         Stopping Deferred execution scheduler...
         Stopping System Logging Service...
         Stopping FUSE filesystem for LXC...
         Stopping LSB: daemon to balance interrupts for SMP systems...
         Stopping Regular background program processing daemon...
         Stopping LXD - container startup/shutdown...
         Stopping LSB: MD monitoring daemon...
         Stopping vboxadd-service.service...
         Stopping Unattended Upgrades Shutdown...
         Stopping Snappy daemon...
         Stopping LSB: Set the CPU Frequency Scaling governor to "ondemand"...
         Stopping Accounts Service...
         Stopping LSB: automatic crash report generation...
         Stopping Authenticate and Authorize Users to Run Privileged Tasks...
         Stopping D-Bus System Message Bus...
[[0;32m  OK  [0m] Unmounted /var/lib/lxcfs.
[[0;32m  OK  [0m] Stopped ACPI event daemon.
[[0;32m  OK  [0m] Stopped Deferred execution scheduler.
[[0;32m  OK  [0m] Stopped System Logging Service.
[[0;32m  OK  [0m] Stopped Accounts Service.
[[0;32m  OK  [0m] Stopped OpenBSD Secure Shell server.
[[0;32m  OK  [0m] Stopped Snappy daemon.
[[0;32m  OK  [0m] Stopped Regular background program processing daemon.
[[0;32m  OK  [0m] Stopped Authenticate and Authorize Users to Run Privileged Tasks.
[[0;32m  OK  [0m] Stopped Serial Getty on ttyS0.
[[0;32m  OK  [0m] Stopped Getty on tty1.
[[0;32m  OK  [0m] Stopped User Manager for UID 1000.
[[0;32m  OK  [0m] Stopped Session 1 of user ubuntu.
[[0;32m  OK  [0m] Stopped Session 8 of user ubuntu.
[[0;32m  OK  [0m] Stopped vboxadd-x11.service.
[[0;32m  OK  [0m] Stopped vboxadd-service.service.
[[0;32m  OK  [0m] Stopped Unattended Upgrades Shutdown.
[[0;32m  OK  [0m] Stopped D-Bus System Message Bus.
[[0;32m  OK  [0m] Stopped FUSE filesystem for LXC.
[[0;32m  OK  [0m] Stopped LSB: Record successful boot for GRUB.
[[0;32m  OK  [0m] Stopped LSB: daemon to balance interrupts for SMP systems.
[[0;32m  OK  [0m] Stopped LXD - container startup/shutdown.
[[0;32m  OK  [0m] Stopped LSB: MD monitoring daemon.
[[0;32m  OK  [0m] Stopped LSB: Set the CPU Frequency Scaling governor to "ondemand".
[[0;32m  OK  [0m] Stopped LSB: automatic crash report generation.
         Stopping vboxadd.service...
[[0;32m  OK  [0m] Removed slice User Slice of ubuntu.
         Stopping Login Service...
[[0;32m  OK  [0m] Removed slice system-getty.slice.
[[0;32m  OK  [0m] Removed slice system-serial\x2dgetty.slice.
[[0;32m  OK  [0m] Stopped /etc/rc.local Compatibility.
         Stopping Permit User Sessions...
[[0;32m  OK  [0m] Stopped Permit User Sessions.
[[0;32m  OK  [0m] Stopped target Remote File Systems.
[[0;32m  OK  [0m] Stopped target Remote File Systems (Pre).
         Stopping Login to default iSCSI targets...
[[0;32m  OK  [0m] Unmounted /vagrant.
[[0;32m  OK  [0m] Stopped Login Service.
[[0;32m  OK  [0m] Stopped vboxadd.service.
[[0;32m  OK  [0m] Stopped target User and Group Name Lookups.
[[0;32m  OK  [0m] Stopped target Basic System.
[[0;32m  OK  [0m] Stopped target Sockets.
[[0;32m  OK  [0m] Closed LXD - unix socket.
[[0;32m  OK  [0m] Closed Socket activation for snappy daemon.
[[0;32m  OK  [0m] Closed Syslog Socket.
[[0;32m  OK  [0m] Closed UUID daemon activation socket.
[[0;32m  OK  [0m] Closed ACPID Listen Socket.
[[0;32m  OK  [0m] Stopped target Slices.
[[0;32m  OK  [0m] Stopped target Paths.
[[0;32m  OK  [0m] Stopped Dispatch Password Requests to Console Directory Watch.
[[0;32m  OK  [0m] Stopped Forward Password Requests to Wall Directory Watch.
[[0;32m  OK  [0m] Stopped ACPI Events Check.
[[0;32m  OK  [0m] Closed D-Bus System Message Bus Socket.
[[0;32m  OK  [0m] Removed slice User and Session Slice.
[[0;32m  OK  [0m] Stopped target System Initialization.
[[0;32m  OK  [0m] Stopped target Encrypted Volumes.
         Stopping Update UTMP about System Boot/Shutdown...
[[0;32m  OK  [0m] Stopped target Swap.
         Stopping Load/Save Random Seed...
[[0;32m  OK  [0m] Stopped Load/Save Random Seed.
[[0;32m  OK  [0m] Stopped Update UTMP about System Boot/Shutdown.
[[0;32m  OK  [0m] Stopped Login to default iSCSI targets.
         Stopping iSCSI initiator daemon (iscsid)...
[[0;32m  OK  [0m] Stopped Create Volatile Files and Directories.
[[0;32m  OK  [0m] Stopped iSCSI initiator daemon (iscsid).
[[0;32m  OK  [0m] Stopped target Network is Online.
[[0;32m  OK  [0m] Stopped Initial cloud-init job (metadata service crawler).
[[0;32m  OK  [0m] Stopped target Network.
         Stopping Raise network interfaces...
[[0;32m  OK  [0m] Stopped Raise network interfaces.
[[0;32m  OK  [0m] Stopped Apply Kernel Variables.
[[0;32m  OK  [0m] Stopped target Local File Systems.
         Unmounting /run/user/1000...
[[0;32m  OK  [0m] Stopped Load Kernel Modules.
[[0;32m  OK  [0m] Stopped target Network (Pre).
[[0;32m  OK  [0m] Stopped Initial cloud-init job (pre-networking).
[[0;32m  OK  [0m] Unmounted /run/user/1000.
[[0;32m  OK  [0m] Reached target Unmount All Filesystems.
[[0;32m  OK  [0m] Stopped target Local File Systems (Pre).
[[0;32m  OK  [0m] Stopped Create Static Device Nodes in /dev.
[[0;32m  OK  [0m] Stopped Remount Root and Kernel File Systems.
[[0;32m  OK  [0m] Reached target Shutdown.
[14422.937435] reboot: Power down
